/devkitadv-r5-beta-2/bin/bin2o
/devkitadv-r5-beta-2/bin/bin2o.bat
/devkitadv-r5-beta-2/bin/cp.exe
/devkitadv-r5-beta-2/bin/interflip.exe
/devkitadv-r5-beta-2/bin/ls.exe
/devkitadv-r5-beta-2/bin/make.exe
/devkitadv-r5-beta-2/bin/mkdir.exe
/devkitadv-r5-beta-2/bin/mklinkstub.exe
/devkitadv-r5-beta-2/bin/msys-1.0.dll
/devkitadv-r5-beta-2/bin/mv.exe
/devkitadv-r5-beta-2/bin/rm.exe
/devkitadv-r5-beta-2/bin/sh.exe
/devkitadv-r5-beta-2/bin/touch.exe
/devkitadv-r5-beta-2/crtls/crt0.S
/devkitadv-r5-beta-2/crtls/crtls.txt
/devkitadv-r5-beta-2/crtls/lnkscript
/devkitadv-r5-beta-2/DevKit-Advance-R5-Beta-2.lnk
/devkitadv-r5-beta-2/ICONS.TXT
/devkitadv-r5-beta-2/rc.bat
/devkitadv-r5-beta-2/README.TXT
/devkitadv-r5-beta-2/sp-black.ico
/devkitadv-r5-beta-2/sp-cobalt.ico
/devkitadv-r5-beta-2/sp-platinum.ico
/devkitadv-r5-beta-2/core.lst
/devkitadv-r5-beta-2/COPYING
